  ProjectileMotionView.cpp
ProjectileMotion.obj : error LNK2005: "protected: __thiscall CProjectileMotionDoc::CProjectileMotionDoc(void)" (??0CProjectileMotionDoc@@IAE@XZ) already defined in CMotionThread.obj
ProjectileMotion.obj : error LNK2005: "public: virtual __thiscall CProjectileMotionDoc::~CProjectileMotionDoc(void)" (??1CProjectileMotionDoc@@UAE@XZ) already defined in CMotionThread.obj
ProjectileMotion.obj : error LNK2005: "public: virtual void __thiscall CProjectileMotionDoc::AssertValid(void)const " (?AssertValid@CProjectileMotionDoc@@UBEXXZ) already defined in CMotionThread.obj
ProjectileMotion.obj : error LNK2005: "public: static class CObject * __stdcall CProjectileMotionDoc::CreateObject(void)" (?CreateObject@CProjectileMotionDoc@@SGPAVCObject@@XZ) already defined in CMotionThread.obj
ProjectileMotion.obj : error LNK2005: "public: virtual void __thiscall CProjectileMotionDoc::Dump(class CDumpContext &)const " (?Dump@CProjectileMotionDoc@@UBEXAAVCDumpContext@@@Z) already defined in CMotionThread.obj
ProjectileMotion.obj : error LNK2005: "protected: virtual struct AFX_MSGMAP const * __thiscall CProjectileMotionDoc::GetMessageMap(void)const " (?GetMessageMap@CProjectileMotionDoc@@MBEPBUAFX_MSGMAP@@XZ) already defined in CMotionThread.obj
ProjectileMotion.obj : error LNK2005: "public: virtual struct CRuntimeClass * __thiscall CProjectileMotionDoc::GetRuntimeClass(void)const " (?GetRuntimeClass@CProjectileMotionDoc@@UBEPAUCRuntimeClass@@XZ) already defined in CMotionThread.obj
ProjectileMotion.obj : error LNK2005: "public: static struct CRuntimeClass * __stdcall CProjectileMotionDoc::GetThisClass(void)" (?GetThisClass@CProjectileMotionDoc@@SGPAUCRuntimeClass@@XZ) already defined in CMotionThread.obj
ProjectileMotion.obj : error LNK2005: "protected: static struct AFX_MSGMAP const * __stdcall CProjectileMotionDoc::GetThisMessageMap(void)" (?GetThisMessageMap@CProjectileMotionDoc@@KGPBUAFX_MSGMAP@@XZ) already defined in CMotionThread.obj
ProjectileMotion.obj : error LNK2005: "public: virtual int __thiscall CProjectileMotionDoc::OnNewDocument(void)" (?OnNewDocument@CProjectileMotionDoc@@UAEHXZ) already defined in CMotionThread.obj
ProjectileMotion.obj : error LNK2005: "public: virtual void __thiscall CProjectileMotionDoc::Serialize(class CArchive &)" (?Serialize@CProjectileMotionDoc@@UAEXAAVCArchive@@@Z) already defined in CMotionThread.obj
ProjectileMotion.obj : error LNK2005: "protected: static struct CRuntimeClass * __stdcall CProjectileMotionDoc::_GetBaseClass(void)" (?_GetBaseClass@CProjectileMotionDoc@@KGPAUCRuntimeClass@@XZ) already defined in CMotionThread.obj
ProjectileMotionDoc.obj : error LNK2005: "protected: __thiscall CProjectileMotionDoc::CProjectileMotionDoc(void)" (??0CProjectileMotionDoc@@IAE@XZ) already defined in CMotionThread.obj
ProjectileMotionDoc.obj : error LNK2005: "public: virtual __thiscall CProjectileMotionDoc::~CProjectileMotionDoc(void)" (??1CProjectileMotionDoc@@UAE@XZ) already defined in CMotionThread.obj
ProjectileMotionDoc.obj : error LNK2005: "public: virtual void __thiscall CProjectileMotionDoc::AssertValid(void)const " (?AssertValid@CProjectileMotionDoc@@UBEXXZ) already defined in CMotionThread.obj
ProjectileMotionDoc.obj : error LNK2005: "public: static class CObject * __stdcall CProjectileMotionDoc::CreateObject(void)" (?CreateObject@CProjectileMotionDoc@@SGPAVCObject@@XZ) already defined in CMotionThread.obj
ProjectileMotionDoc.obj : error LNK2005: "public: virtual void __thiscall CProjectileMotionDoc::Dump(class CDumpContext &)const " (?Dump@CProjectileMotionDoc@@UBEXAAVCDumpContext@@@Z) already defined in CMotionThread.obj
ProjectileMotionDoc.obj : error LNK2005: "protected: virtual struct AFX_MSGMAP const * __thiscall CProjectileMotionDoc::GetMessageMap(void)const " (?GetMessageMap@CProjectileMotionDoc@@MBEPBUAFX_MSGMAP@@XZ) already defined in CMotionThread.obj
ProjectileMotionDoc.obj : error LNK2005: "public: virtual struct CRuntimeClass * __thiscall CProjectileMotionDoc::GetRuntimeClass(void)const " (?GetRuntimeClass@CProjectileMotionDoc@@UBEPAUCRuntimeClass@@XZ) already defined in CMotionThread.obj
ProjectileMotionDoc.obj : error LNK2005: "public: static struct CRuntimeClass * __stdcall CProjectileMotionDoc::GetThisClass(void)" (?GetThisClass@CProjectileMotionDoc@@SGPAUCRuntimeClass@@XZ) already defined in CMotionThread.obj
ProjectileMotionDoc.obj : error LNK2005: "protected: static struct AFX_MSGMAP const * __stdcall CProjectileMotionDoc::GetThisMessageMap(void)" (?GetThisMessageMap@CProjectileMotionDoc@@KGPBUAFX_MSGMAP@@XZ) already defined in CMotionThread.obj
ProjectileMotionDoc.obj : error LNK2005: "public: virtual int __thiscall CProjectileMotionDoc::OnNewDocument(void)" (?OnNewDocument@CProjectileMotionDoc@@UAEHXZ) already defined in CMotionThread.obj
ProjectileMotionDoc.obj : error LNK2005: "public: virtual void __thiscall CProjectileMotionDoc::Serialize(class CArchive &)" (?Serialize@CProjectileMotionDoc@@UAEXAAVCArchive@@@Z) already defined in CMotionThread.obj
ProjectileMotionDoc.obj : error LNK2005: "protected: static struct CRuntimeClass * __stdcall CProjectileMotionDoc::_GetBaseClass(void)" (?_GetBaseClass@CProjectileMotionDoc@@KGPAUCRuntimeClass@@XZ) already defined in CMotionThread.obj
ProjectileMotionView.obj : error LNK2005: "protected: __thiscall CMotionThread::CMotionThread(void)" (??0CMotionThread@@IAE@XZ) already defined in CMotionThread.obj
ProjectileMotionView.obj : error LNK2005: "protected: __thiscall CProjectileMotionDoc::CProjectileMotionDoc(void)" (??0CProjectileMotionDoc@@IAE@XZ) already defined in CMotionThread.obj
ProjectileMotionView.obj : error LNK2005: "protected: virtual __thiscall CMotionThread::~CMotionThread(void)" (??1CMotionThread@@MAE@XZ) already defined in CMotionThread.obj
ProjectileMotionView.obj : error LNK2005: "public: virtual __thiscall CProjectileMotionDoc::~CProjectileMotionDoc(void)" (??1CProjectileMotionDoc@@UAE@XZ) already defined in CMotionThread.obj
ProjectileMotionView.obj : error LNK2005: "public: virtual void __thiscall CProjectileMotionDoc::AssertValid(void)const " (?AssertValid@CProjectileMotionDoc@@UBEXXZ) already defined in CMotionThread.obj
ProjectileMotionView.obj : error LNK2005: "public: static class CObject * __stdcall CMotionThread::CreateObject(void)" (?CreateObject@CMotionThread@@SGPAVCObject@@XZ) already defined in CMotionThread.obj
ProjectileMotionView.obj : error LNK2005: "public: static class CObject * __stdcall CProjectileMotionDoc::CreateObject(void)" (?CreateObject@CProjectileMotionDoc@@SGPAVCObject@@XZ) already defined in CMotionThread.obj
ProjectileMotionView.obj : error LNK2005: "public: virtual void __thiscall CProjectileMotionDoc::Dump(class CDumpContext &)const " (?Dump@CProjectileMotionDoc@@UBEXAAVCDumpContext@@@Z) already defined in CMotionThread.obj
ProjectileMotionView.obj : error LNK2005: "public: virtual int __thiscall CMotionThread::ExitInstance(void)" (?ExitInstance@CMotionThread@@UAEHXZ) already defined in CMotionThread.obj
ProjectileMotionView.obj : error LNK2005: "protected: virtual struct AFX_MSGMAP const * __thiscall CMotionThread::GetMessageMap(void)const " (?GetMessageMap@CMotionThread@@MBEPBUAFX_MSGMAP@@XZ) already defined in CMotionThread.obj
ProjectileMotionView.obj : error LNK2005: "protected: virtual struct AFX_MSGMAP const * __thiscall CProjectileMotionDoc::GetMessageMap(void)const " (?GetMessageMap@CProjectileMotionDoc@@MBEPBUAFX_MSGMAP@@XZ) already defined in CMotionThread.obj
ProjectileMotionView.obj : error LNK2005: "public: virtual struct CRuntimeClass * __thiscall CMotionThread::GetRuntimeClass(void)const " (?GetRuntimeClass@CMotionThread@@UBEPAUCRuntimeClass@@XZ) already defined in CMotionThread.obj
ProjectileMotionView.obj : error LNK2005: "public: virtual struct CRuntimeClass * __thiscall CProjectileMotionDoc::GetRuntimeClass(void)const " (?GetRuntimeClass@CProjectileMotionDoc@@UBEPAUCRuntimeClass@@XZ) already defined in CMotionThread.obj
ProjectileMotionView.obj : error LNK2005: "public: static struct CRuntimeClass * __stdcall CMotionThread::GetThisClass(void)" (?GetThisClass@CMotionThread@@SGPAUCRuntimeClass@@XZ) already defined in CMotionThread.obj
ProjectileMotionView.obj : error LNK2005: "public: static struct CRuntimeClass * __stdcall CProjectileMotionDoc::GetThisClass(void)" (?GetThisClass@CProjectileMotionDoc@@SGPAUCRuntimeClass@@XZ) already defined in CMotionThread.obj
ProjectileMotionView.obj : error LNK2005: "protected: static struct AFX_MSGMAP const * __stdcall CMotionThread::GetThisMessageMap(void)" (?GetThisMessageMap@CMotionThread@@KGPBUAFX_MSGMAP@@XZ) already defined in CMotionThread.obj
ProjectileMotionView.obj : error LNK2005: "protected: static struct AFX_MSGMAP const * __stdcall CProjectileMotionDoc::GetThisMessageMap(void)" (?GetThisMessageMap@CProjectileMotionDoc@@KGPBUAFX_MSGMAP@@XZ) already defined in CMotionThread.obj
ProjectileMotionView.obj : error LNK2005: "public: virtual int __thiscall CMotionThread::InitInstance(void)" (?InitInstance@CMotionThread@@UAEHXZ) already defined in CMotionThread.obj
ProjectileMotionView.obj : error LNK2005: "public: virtual int __thiscall CProjectileMotionDoc::OnNewDocument(void)" (?OnNewDocument@CProjectileMotionDoc@@UAEHXZ) already defined in CMotionThread.obj
ProjectileMotionView.obj : error LNK2005: "public: static unsigned int __cdecl CMotionThread::RunThreadFunction(void *)" (?RunThreadFunction@CMotionThread@@SAIPAX@Z) already defined in CMotionThread.obj
ProjectileMotionView.obj : error LNK2005: "public: virtual void __thiscall CProjectileMotionDoc::Serialize(class CArchive &)" (?Serialize@CProjectileMotionDoc@@UAEXAAVCArchive@@@Z) already defined in CMotionThread.obj
ProjectileMotionView.obj : error LNK2005: "protected: static struct CRuntimeClass * __stdcall CMotionThread::_GetBaseClass(void)" (?_GetBaseClass@CMotionThread@@KGPAUCRuntimeClass@@XZ) already defined in CMotionThread.obj
ProjectileMotionView.obj : error LNK2005: "protected: static struct CRuntimeClass * __stdcall CProjectileMotionDoc::_GetBaseClass(void)" (?_GetBaseClass@CProjectileMotionDoc@@KGPAUCRuntimeClass@@XZ) already defined in CMotionThread.obj
ProjectileMotionView.obj : error LNK2019: unresolved external symbol "public: virtual __thiscall CProjectileMotionView::~CProjectileMotionView(void)" (??1CProjectileMotionView@@UAE@XZ) referenced in function "public: virtual void * __thiscall CProjectileMotionView::`scalar deleting destructor'(unsigned int)" (??_GCProjectileMotionView@@UAEPAXI@Z)
C:\Users\Tomin\source\repos\ProjectileMotion\Debug\ProjectileMotion.exe : fatal error LNK1120: 1 unresolved externals
